PhoneAdater_ServiceTestRule/MainActivity/app/build/outputs/logs/manifest-merger-debug-report.txt
-- Merging decision tree log ---
manifest
ADDED from src/main/AndroidManifest.xml:2:1-32:12
	xmlns:android
		ADDED from src/main/AndroidManifest.xml:2:11-69
	package
		ADDED from src/main/AndroidManifest.xml:4:33-69
		INJECTED from src/main/AndroidManifest.xml
		INJECTED from src/main/AndroidManifest.xml
	android:versionName
		ADDED from src/main/AndroidManifest.xml:4:7-32
		INJECTED from src/main/AndroidManifest.xml
		INJECTED from src/main/AndroidManifest.xml
	android:versionCode
		ADDED from src/main/AndroidManifest.xml:3:7-30
		INJECTED from src/main/AndroidManifest.xml
		INJECTED from src/main/AndroidManifest.xml
uses-sdk
ADDED from src/main/AndroidManifest.xml:5:5-43
MERGED from [com.android.support:multidex:1.0.1] AndroidManifest.xml:18:5-42
MERGED from [com.android.support.test:runner:0.4.1] AndroidManifest.xml:20:5-22:41
MERGED from [com.android.support.test:exposed-instrumentation-api-publish:0.4.1] AndroidManifest.xml:20:5-22:41
MERGED from [com.android.support.test:rules:0.4.1] AndroidManifest.xml:5:5-7:41
MERGED from [com.android.support.test:runner:0.4.1] AndroidManifest.xml:20:5-22:41
MERGED from [com.android.support.test:exposed-instrumentation-api-publish:0.4.1] AndroidManifest.xml:20:5-22:41
	android:targetSdkVersion
		INJECTED from src/main/AndroidManifest.xml
		INJECTED from src/main/AndroidManifest.xml
	android:minSdkVersion
		ADDED from src/main/AndroidManifest.xml:5:15-40
		INJECTED from src/main/AndroidManifest.xml
		INJECTED from src/main/AndroidManifest.xml
uses-permission#android.permission.ACCESS_FINE_LOCATION
ADDED from src/main/AndroidManifest.xml:6:5-95
	android:name
		ADDED from src/main/AndroidManifest.xml:6:22-76
uses-permission#android.permission.BLUETOOTH
ADDED from src/main/AndroidManifest.xml:7:5-84
	android:name
		ADDED from src/main/AndroidManifest.xml:7:22-65
uses-permission#android.permission.BLUETOOTH_ADMIN
ADDED from src/main/AndroidManifest.xml:8:5-90
	android:name
		ADDED from src/main/AndroidManifest.xml:8:22-71
uses-permission#android.permission.WRITE_SETTINGS
ADDED from src/main/AndroidManifest.xml:9:5-89
	android:name
		ADDED from src/main/AndroidManifest.xml:9:22-70
uses-permission#android.permission.WRITE_EXTERNAL_STORAGE
ADDED from src/main/AndroidManifest.xml:10:5-97
	android:name
		ADDED from src/main/AndroidManifest.xml:10:22-78
application
ADDED from src/main/AndroidManifest.xml:12:5-31:19
MERGED from [com.android.support.test:runner:0.4.1] AndroidManifest.xml:24:5-20
MERGED from [com.android.support.test:exposed-instrumentation-api-publish:0.4.1] AndroidManifest.xml:24:5-20
MERGED from [com.android.support.test:runner:0.4.1] AndroidManifest.xml:24:5-20
MERGED from [com.android.support.test:exposed-instrumentation-api-publish:0.4.1] AndroidManifest.xml:24:5-20
	android:label
		ADDED from src/main/AndroidManifest.xml:12:48-80
	android:icon
		ADDED from src/main/AndroidManifest.xml:12:18-47
activity#edu.hkust.cse.phoneAdapter.activity.MainActivity
ADDED from src/main/AndroidManifest.xml:13:9-18:20
	android:name
		ADDED from src/main/AndroidManifest.xml:13:19-56
intent-filter#android.intent.action.MAIN+android.intent.category.LAUNCHER
ADDED from src/main/AndroidManifest.xml:14:10-17:29
action#android.intent.action.MAIN
ADDED from src/main/AndroidManifest.xml:15:17-69
	android:name
		ADDED from src/main/AndroidManifest.xml:15:25-66
category#android.intent.category.LAUNCHER
ADDED from src/main/AndroidManifest.xml:16:17-77
	android:name
		ADDED from src/main/AndroidManifest.xml:16:27-74
activity#edu.hkust.cse.phoneAdapter.activity.CreateProfileActivity
ADDED from src/main/AndroidManifest.xml:19:9-131
	android:label
		ADDED from src/main/AndroidManifest.xml:19:66-119
	android:name
		ADDED from src/main/AndroidManifest.xml:19:19-65
activity#edu.hkust.cse.phoneAdapter.activity.CreateRuleActivity
ADDED from src/main/AndroidManifest.xml:20:9-125
	android:label
		ADDED from src/main/AndroidManifest.xml:20:63-113
	android:name
		ADDED from src/main/AndroidManifest.xml:20:19-62
activity#edu.hkust.cse.phoneAdapter.activity.ViewProfileActivity
ADDED from src/main/AndroidManifest.xml:21:9-127
	android:label
		ADDED from src/main/AndroidManifest.xml:21:19-70
	android:name
		ADDED from src/main/AndroidManifest.xml:21:71-115
activity#edu.hkust.cse.phoneAdapter.activity.ViewRuleActivity
ADDED from src/main/AndroidManifest.xml:22:9-122
	android:label
		ADDED from src/main/AndroidManifest.xml:22:19-68
	android:name
		ADDED from src/main/AndroidManifest.xml:22:69-110
activity#edu.hkust.cse.phoneAdapter.activity.EditProfileActivity
ADDED from src/main/AndroidManifest.xml:23:9-127
	android:label
		ADDED from src/main/AndroidManifest.xml:23:19-70
	android:name
		ADDED from src/main/AndroidManifest.xml:23:71-115
activity#edu.hkust.cse.phoneAdapter.activity.EditRuleActivity
ADDED from src/main/AndroidManifest.xml:24:9-121
	android:label
		ADDED from src/main/AndroidManifest.xml:24:19-67
	android:name
		ADDED from src/main/AndroidManifest.xml:24:68-109
activity#edu.hkust.cse.phoneAdapter.activity.CreateFilterActivity
ADDED from src/main/AndroidManifest.xml:25:9-129
	android:label
		ADDED from src/main/AndroidManifest.xml:25:65-117
	android:name
		ADDED from src/main/AndroidManifest.xml:25:19-64
activity#edu.hkust.cse.phoneAdapter.activity.EditFilterActivity
ADDED from src/main/AndroidManifest.xml:26:9-125
	android:label
		ADDED from src/main/AndroidManifest.xml:26:63-113
	android:name
		ADDED from src/main/AndroidManifest.xml:26:19-62
activity#edu.hkust.cse.phoneAdapter.activity.CreateContextConstantActivity
ADDED from src/main/AndroidManifest.xml:27:9-148
	android:label
		ADDED from src/main/AndroidManifest.xml:27:74-136
	android:name
		ADDED from src/main/AndroidManifest.xml:27:19-73
activity#edu.hkust.cse.phoneAdapter.activity.SearchAndSaveBTDevice
ADDED from src/main/AndroidManifest.xml:28:9-135
	android:label
		ADDED from src/main/AndroidManifest.xml:28:19-76
	android:name
		ADDED from src/main/AndroidManifest.xml:28:77-123
service#edu.hkust.cse.phoneAdapter.context.ContextManager
ADDED from src/main/AndroidManifest.xml:29:9-67
	android:name
		ADDED from src/main/AndroidManifest.xml:29:18-56
service#edu.hkust.cse.phoneAdapter.context.AdaptationManager
ADDED from src/main/AndroidManifest.xml:30:9-70
	android:name
		ADDED from src/main/AndroidManifest.xml:30:18-59